16:01:53.001 [main] DEBUG methods.Method_1 - Initializing chrome browser
16:02:10.663 [main] DEBUG methods.Method_1 - Closing popups
16:02:14.950 [main] INFO  methods.Method_1 - popup closed
16:02:14.971 [main] INFO  methods.Method_1 - Searching for product 
16:02:28.060 [main] INFO  methods.Method_1 - Fetching prices
16:02:29.286 [main] INFO  methods.Method_1 - Prices Stored
16:02:30.181 [main] INFO  methods.Method_1 - Move action performed to hover on language element
16:02:35.967 [main] INFO  methods.Method_1 - Selected Language is 
16:02:36.498 [main] INFO  methods.Method_1 - Move action performed to hover on language element
16:02:41.938 [main] INFO  methods.Method_1 - Selected Language is 
16:02:44.932 [main] INFO  methods.Method_1 - Filling signup details
16:02:48.479 [main] INFO  methods.Method_1 - Filled info Name and email : 
16:14:03.617 [main] DEBUG methods.Method_1 - Initializing chrome browser
16:14:23.077 [main] DEBUG methods.Method_1 - Closing popups
16:14:24.876 [main] INFO  methods.Method_1 - popup closed
16:14:24.892 [main] INFO  methods.Method_1 - Searching for product 
16:14:32.004 [main] INFO  methods.Method_1 - Fetching prices
16:14:32.465 [main] INFO  methods.Method_1 - Prices Stored
16:14:37.838 [main] INFO  methods.Method_1 - Move action performed to hover on language element
16:14:48.058 [main] INFO  methods.Method_1 - Move action performed to hover on language element
16:25:00.583 [main] DEBUG methods.Method_1 - Initializing chrome browser
16:25:16.049 [main] DEBUG methods.Method_1 - Closing popups
16:25:16.329 [main] INFO  methods.Method_1 - popup closed
16:25:16.344 [main] INFO  methods.Method_1 - Searching for product 
16:25:22.887 [main] INFO  methods.Method_1 - Fetching prices
16:25:23.638 [main] INFO  methods.Method_1 - Prices Stored
16:25:23.898 [main] INFO  methods.Method_1 - Move action performed to hover on language element
16:25:32.664 [main] INFO  methods.Method_1 - Selected Language is 
16:25:32.879 [main] INFO  methods.Method_1 - Move action performed to hover on language element
16:25:40.324 [main] INFO  methods.Method_1 - Selected Language is 
16:25:42.738 [main] INFO  methods.Method_1 - Filling signup details
16:25:45.369 [main] INFO  methods.Method_1 - Filled info Name and email : 
