12:21:05.808 [main] DEBUG AamazonMaven.Amazon_Maven.Home_page - Initializing chrome browser
12:21:16.662 [main] INFO  AamazonMaven.Amazon_Maven.Home_page - Browser opened successfully
12:21:16.984 [main] INFO  AamazonMaven.Amazon_Maven.Home_page - Searching for product Samsung
12:21:17.516 [main] INFO  AamazonMaven.Amazon_Maven.Home_page - Text writtenSamsung
12:21:22.283 [main] INFO  AamazonMaven.Amazon_Maven.Home_page - Element clicked
12:21:22.286 [main] DEBUG AamazonMaven.Amazon_Maven.Home_page - Initializing chrome browser
12:21:37.183 [main] INFO  AamazonMaven.Amazon_Maven.Home_page - Browser opened successfully
12:21:43.291 [main] INFO  AamazonMaven.Amazon_Maven.Search_page - Fetching prices
12:21:49.477 [main] DEBUG AamazonMaven.Amazon_Maven.Home_page - Initializing chrome browser
12:21:56.197 [main] INFO  AamazonMaven.Amazon_Maven.Home_page - Browser opened successfully
12:22:24.541 [main] DEBUG AamazonMaven.Amazon_Maven.Home_page - Initializing chrome browser
12:22:34.338 [main] INFO  AamazonMaven.Amazon_Maven.Home_page - Browser opened successfully
12:22:35.001 [main] INFO  AamazonMaven.Amazon_Maven.Home_page - Hovered successfully
12:22:35.002 [main] INFO  AamazonMaven.Amazon_Maven.Home_page - Move action performed to hover on language element
12:22:38.473 [main] INFO  AamazonMaven.Amazon_Maven.Home_page - Language selected successfully
12:22:38.559 [main] DEBUG AamazonMaven.Amazon_Maven.Home_page - Initializing chrome browser
12:22:49.195 [main] INFO  AamazonMaven.Amazon_Maven.Home_page - Browser opened successfully
12:25:01.985 [main] DEBUG AamazonMaven.Amazon_Maven.Home_page - Initializing chrome browser
12:25:12.342 [main] INFO  AamazonMaven.Amazon_Maven.Home_page - Browser opened successfully
12:25:13.050 [main] INFO  AamazonMaven.Amazon_Maven.Home_page - Hovered successfully
12:25:13.051 [main] INFO  AamazonMaven.Amazon_Maven.Home_page - Move action performed to hover on language element
12:25:17.082 [main] INFO  AamazonMaven.Amazon_Maven.Home_page - Language selected successfully
12:25:29.436 [main] DEBUG AamazonMaven.Amazon_Maven.Home_page - Initializing chrome browser
12:25:37.562 [main] INFO  AamazonMaven.Amazon_Maven.Home_page - Browser opened successfully
12:25:37.948 [main] INFO  AamazonMaven.Amazon_Maven.Home_page - Searching for product Samsung
12:25:38.442 [main] INFO  AamazonMaven.Amazon_Maven.Home_page - Text writtenSamsung
12:25:42.249 [main] INFO  AamazonMaven.Amazon_Maven.Home_page - Element clicked
12:25:42.391 [main] INFO  AamazonMaven.Amazon_Maven.Search_page - Fetching prices
12:25:42.465 [main] INFO  AamazonMaven.Amazon_Maven.Search_page - Prices are in: $
12:25:43.359 [main] INFO  AamazonMaven.Amazon_Maven.Search_page - Prices Stored successfully
12:25:43.359 [main] INFO  AamazonMaven.Amazon_Maven.Search_page - Fetched prices are: [699, 549, 599, 164, 179, 20, 312, 32, 159, 129, 210, 25, 169, 419, 949, 8, 11, 15]
12:25:43.364 [main] INFO  AamazonMaven.Amazon_Maven.Search_page - Minimun amount is:8
12:26:27.139 [main] DEBUG AamazonMaven.Amazon_Maven.Home_page - Initializing chrome browser
12:26:37.541 [main] INFO  AamazonMaven.Amazon_Maven.Home_page - Browser opened successfully
12:26:38.633 [main] INFO  AamazonMaven.Amazon_Maven.Home_page - Hovered successfully
12:26:40.447 [main] INFO  AamazonMaven.Amazon_Maven.Home_page - Element clicked
12:26:40.447 [main] INFO  AamazonMaven.Amazon_Maven.SignUp_page - Successfully hovered onto signup details
12:26:40.448 [main] INFO  AamazonMaven.Amazon_Maven.SignUp_page - Filling signup details
12:26:41.324 [main] INFO  AamazonMaven.Amazon_Maven.Home_page - Text writtenAlex
12:26:41.605 [main] INFO  AamazonMaven.Amazon_Maven.Home_page - Text writtenei@ei12.com
12:26:41.797 [main] INFO  AamazonMaven.Amazon_Maven.Home_page - Text written12321
12:26:41.951 [main] INFO  AamazonMaven.Amazon_Maven.Home_page - Text written12321
12:26:42.306 [main] INFO  AamazonMaven.Amazon_Maven.Home_page - Element clicked
12:26:42.307 [main] INFO  AamazonMaven.Amazon_Maven.SignUp_page - Filled info Name Alex and emailei@ei12.com
12:26:42.383 [main] INFO  AamazonMaven.Amazon_Maven.Home_page - Searching for product Samsung
12:26:48.895 [main] INFO  AamazonMaven.Amazon_Maven.Home_page - Text writtenSamsung
12:26:51.888 [main] INFO  AamazonMaven.Amazon_Maven.Home_page - Element clicked
12:26:51.993 [main] INFO  AamazonMaven.Amazon_Maven.Search_page - Fetching prices
12:26:52.032 [main] INFO  AamazonMaven.Amazon_Maven.Search_page - Prices are in: $
12:26:52.724 [main] INFO  AamazonMaven.Amazon_Maven.Search_page - Prices Stored successfully
12:26:52.724 [main] INFO  AamazonMaven.Amazon_Maven.Search_page - Fetched prices are: [549, 599, 164, 40, 129, 249, 32, 210, 20, 38, 169, 25, 159, 75, 19, 24, 8]
12:26:52.728 [main] INFO  AamazonMaven.Amazon_Maven.Search_page - Minimun amount is:8
12:26:52.929 [main] INFO  AamazonMaven.Amazon_Maven.Home_page - Hovered successfully
12:26:52.929 [main] INFO  AamazonMaven.Amazon_Maven.Home_page - Move action performed to hover on language element
12:26:56.339 [main] INFO  AamazonMaven.Amazon_Maven.Home_page - Language selected successfully
12:50:33.530 [main] DEBUG AamazonMaven.Amazon_Maven.Home_page - Initializing chrome browser
12:50:44.268 [main] INFO  AamazonMaven.Amazon_Maven.Home_page - Browser opened successfully
12:50:44.596 [main] INFO  AamazonMaven.Amazon_Maven.Home_page - Searching for product Samsung
12:50:45.061 [main] DEBUG AamazonMaven.Amazon_Maven.Home_page - Text writtenSamsung
12:50:48.886 [main] DEBUG AamazonMaven.Amazon_Maven.Home_page - Element clicked
12:50:48.889 [main] DEBUG AamazonMaven.Amazon_Maven.Home_page - Initializing chrome browser
12:50:59.457 [main] INFO  AamazonMaven.Amazon_Maven.Home_page - Browser opened successfully
12:51:05.588 [main] INFO  AamazonMaven.Amazon_Maven.Search_page - Fetching prices
14:19:32.953 [main] ERROR com.amazon.pages.Home_page - Unable to find provided properties files
14:19:33.110 [main] ERROR com.amazon.pages.Home_page - Unable to find provided properties files
14:19:33.110 [main] ERROR com.amazon.pages.Home_page - Unable to find provided properties files
14:19:33.230 [main] INFO  com.amazon.pages.Search_page - Searching for product Samsung
14:24:37.459 [main] ERROR com.amazon.pages.Home_page - Unable to find provided properties files
14:24:37.634 [main] ERROR com.amazon.pages.Home_page - Unable to find provided properties files
14:24:37.634 [main] ERROR com.amazon.pages.Home_page - Unable to find provided properties files
14:24:37.726 [main] INFO  com.amazon.pages.Search_page - Searching for product Samsung
14:29:11.579 [main] ERROR com.amazon.pages.Home_page - Unable to find provided properties files
14:29:11.709 [main] ERROR com.amazon.pages.Home_page - Unable to find provided properties files
14:29:11.709 [main] ERROR com.amazon.pages.Home_page - Unable to find provided properties files
14:34:02.128 [main] ERROR com.amazon.pages.Home_page - Unable to find provided properties files
14:34:02.243 [main] ERROR com.amazon.pages.Home_page - Unable to find provided properties files
14:34:02.243 [main] ERROR com.amazon.pages.Home_page - Unable to find provided properties files
14:35:08.931 [main] ERROR com.amazon.pages.Home_page - Unable to find provided properties files
14:35:09.068 [main] ERROR com.amazon.pages.Home_page - Unable to find provided properties files
14:42:22.916 [main] ERROR com.amazon.pages.Home_page - Unable to find provided properties files
14:42:23.043 [main] ERROR com.amazon.pages.Home_page - Unable to find provided properties files
14:44:26.336 [main] ERROR com.amazon.pages.Home_page - Unable to find provided properties files
14:44:26.490 [main] ERROR com.amazon.pages.Home_page - Unable to find provided properties files
14:45:57.373 [main] ERROR com.amazon.pages.Home_page - Unable to find provided properties files
14:45:57.525 [main] ERROR com.amazon.pages.Home_page - Unable to find provided properties files
15:45:15.167 [main] ERROR com.amazon.pages.Home_page - Unable to find provided properties files
15:45:15.346 [main] ERROR com.amazon.pages.Home_page - Unable to find provided properties files
15:47:48.452 [main] ERROR com.amazon.pages.Home_page - Unable to find provided properties files
15:47:48.583 [main] ERROR com.amazon.pages.Home_page - Unable to find provided properties files
15:50:00.986 [main] ERROR com.amazon.pages.Home_page - Unable to find provided properties files
15:50:01.151 [main] ERROR com.amazon.pages.Home_page - Unable to find provided properties files
15:50:32.876 [main] ERROR com.amazon.pages.Home_page - Unable to find provided properties files
15:50:33.046 [main] ERROR com.amazon.pages.Home_page - Unable to find provided properties files
15:52:27.579 [main] ERROR com.amazon.pages.Home_page - Unable to find provided properties files
15:52:27.724 [main] ERROR com.amazon.pages.Home_page - Unable to find provided properties files
15:55:40.975 [main] ERROR com.amazon.pages.Home_page - Unable to find provided properties files
15:55:41.139 [main] ERROR com.amazon.pages.Home_page - Unable to find provided properties files
15:56:21.452 [main] DEBUG com.amazon.pages.Home_page - Initializing chrome browser
15:56:32.340 [main] INFO  com.amazon.pages.Home_page - Browser opened successfully
15:56:32.456 [main] DEBUG com.amazon.pages.Home_page - Initializing chrome browser
15:56:42.697 [main] INFO  com.amazon.pages.Home_page - Browser opened successfully
15:56:43.464 [main] DEBUG com.amazon.pages.Home_page - Hovered successfully
15:56:45.757 [main] DEBUG com.amazon.pages.Home_page - Element clicked
15:56:45.757 [main] INFO  com.amazon.pages.SignUp_page - Successfully hovered onto signup details
15:56:45.758 [main] INFO  com.amazon.pages.SignUp_page - Filling signup details
15:56:46.920 [main] DEBUG com.amazon.pages.Home_page - Text writtenAlex
15:56:47.509 [main] DEBUG com.amazon.pages.Home_page - Text writtenei@ei12.com
15:56:48.045 [main] DEBUG com.amazon.pages.Home_page - Text written12321
15:56:48.518 [main] DEBUG com.amazon.pages.Home_page - Text written12321
15:56:48.926 [main] DEBUG com.amazon.pages.Home_page - Element clicked
15:56:48.926 [main] INFO  com.amazon.pages.SignUp_page - Filled info Name Alex and emailei@ei12.com
15:57:27.411 [main] DEBUG com.amazon.pages.Home_page - Initializing chrome browser
15:58:56.671 [main] DEBUG com.amazon.pages.Home_page - Initializing chrome browser
15:59:13.414 [main] INFO  com.amazon.pages.Home_page - Browser opened successfully
15:59:13.647 [main] DEBUG com.amazon.pages.Home_page - Initializing chrome browser
15:59:27.701 [main] INFO  com.amazon.pages.Home_page - Browser opened successfully
15:59:28.764 [main] DEBUG com.amazon.pages.Home_page - Hovered successfully
15:59:30.927 [main] DEBUG com.amazon.pages.Home_page - Element clicked
15:59:30.927 [main] INFO  com.amazon.pages.SignUp_page - Successfully hovered onto signup details
15:59:30.927 [main] INFO  com.amazon.pages.SignUp_page - Filling signup details
15:59:31.105 [main] DEBUG com.amazon.pages.Home_page - Text writtenAlex
15:59:31.413 [main] DEBUG com.amazon.pages.Home_page - Text writtenei@ei12.com
15:59:32.295 [main] DEBUG com.amazon.pages.Home_page - Text written12321
15:59:32.503 [main] DEBUG com.amazon.pages.Home_page - Text written12321
15:59:32.923 [main] DEBUG com.amazon.pages.Home_page - Element clicked
15:59:32.924 [main] INFO  com.amazon.pages.SignUp_page - Filled info Name Alex and emailei@ei12.com
16:04:17.251 [main] DEBUG com.amazon.pages.Home_page - Initializing chrome browser
16:04:27.869 [main] INFO  com.amazon.pages.Home_page - Browser opened successfully
16:04:28.015 [main] DEBUG com.amazon.pages.Home_page - Initializing chrome browser
16:04:39.582 [main] INFO  com.amazon.pages.Home_page - Browser opened successfully
16:04:40.401 [main] DEBUG com.amazon.pages.Home_page - Hovered successfully
16:04:42.451 [main] DEBUG com.amazon.pages.Home_page - Element clicked
16:04:42.452 [main] INFO  com.amazon.pages.SignUp_page - Successfully hovered onto signup details
16:04:42.452 [main] INFO  com.amazon.pages.SignUp_page - Filling signup details
16:04:43.409 [main] DEBUG com.amazon.pages.Home_page - Text writtenAlex
16:04:43.762 [main] DEBUG com.amazon.pages.Home_page - Text writtenei@ei12.com
16:04:43.993 [main] DEBUG com.amazon.pages.Home_page - Text written12321
16:04:44.284 [main] DEBUG com.amazon.pages.Home_page - Text written12321
16:04:44.813 [main] DEBUG com.amazon.pages.Home_page - Element clicked
16:04:44.814 [main] INFO  com.amazon.pages.SignUp_page - Filled info Name Alex and emailei@ei12.com
16:09:38.121 [main] DEBUG com.amazon.pages.Home_page - Initializing chrome browser
16:09:49.494 [main] INFO  com.amazon.pages.Home_page - Browser opened successfully
16:09:49.618 [main] DEBUG com.amazon.pages.Home_page - Initializing chrome browser
16:10:00.159 [main] INFO  com.amazon.pages.Home_page - Browser opened successfully
10:40:13.688 [main] DEBUG com.amazon.pages.Home_page - Initializing chrome browser
10:40:23.509 [main] INFO  com.amazon.pages.Home_page - Browser opened successfully
10:40:23.656 [main] DEBUG com.amazon.pages.Home_page - Initializing chrome browser
10:40:32.792 [main] INFO  com.amazon.pages.Home_page - Browser opened successfully
10:40:33.760 [main] DEBUG com.amazon.pages.Home_page - Hovered successfully
10:40:36.097 [main] DEBUG com.amazon.pages.Home_page - Element clicked
10:40:36.097 [main] INFO  com.amazon.pages.SignUp_page - Successfully hovered onto signup details
10:40:36.097 [main] INFO  com.amazon.pages.SignUp_page - Filling signup details
10:40:36.304 [main] DEBUG com.amazon.pages.Home_page - Text writtenAlex
10:40:37.304 [main] DEBUG com.amazon.pages.Home_page - Text writtenei@ei12.com
10:40:37.867 [main] DEBUG com.amazon.pages.Home_page - Text written12321
10:40:38.203 [main] DEBUG com.amazon.pages.Home_page - Text written12321
10:40:38.531 [main] DEBUG com.amazon.pages.Home_page - Element clicked
10:40:38.531 [main] INFO  com.amazon.pages.SignUp_page - Filled info Name Alex and emailei@ei12.com
